<?xml version="1.0" encoding="UTF-8"?>
<testsuite name="BasicTest" tests="1" skipped="0" failures="0" errors="0" timestamp="2019-11-07T18:30:53" hostname="ws-201-161.han.nl" time="0.002">
  <properties/>
  <testcase name="test_returns_correct_median_of_three" classname="BasicTest" time="0.002"/>
  <system-out><![CDATA[]]></system-out>
  <system-err><![CDATA[]]></system-err>
</testsuite>
