<?xml version="1.0" encoding="UTF-8"?>
<testsuite name="BasicTest" tests="1" skipped="0" failures="0" errors="0" timestamp="2019-11-06T23:10:14" hostname="MacBook-Pro-van-Jeffrey.local" time="0.003">
  <properties/>
  <testcase name="test_handles_duplicated_values_correctly" classname="BasicTest" time="0.003"/>
  <system-out><![CDATA[]]></system-out>
  <system-err><![CDATA[]]></system-err>
</testsuite>
